<?xml version="1.0" encoding="UTF-8"?>
<testng-results skipped="0" failed="0" ignored="0" total="2" passed="2">
  <reporter-output>
  </reporter-output>
  <suite name="Suite1" duration-ms="18666" started-at="2018-12-29T16:51:42Z" finished-at="2018-12-29T16:52:00Z">
    <groups>
    </groups>
    <test name="demo" duration-ms="18666" started-at="2018-12-29T16:51:42Z" finished-at="2018-12-29T16:52:00Z">
      <class name="pack1.Chrome">
        <test-method status="PASS" signature="setUp()[pri:0, instance:pack1.Chrome@2a2d45ba]" name="setUp" is-config="true" duration-ms="9305" started-at="2018-12-29T16:51:42Z" finished-at="2018-12-29T16:51:51Z">
          <reporter-output>
          </reporter-output>
        </test-method> <!-- setUp -->
        <test-method status="PASS" signature="verifypageTitleTest()[pri:1, instance:pack1.Chrome@2a2d45ba]" name="verifypageTitleTest" duration-ms="232" started-at="2018-12-29T16:51:51Z" finished-at="2018-12-29T16:51:51Z">
          <reporter-output>
          </reporter-output>
        </test-method> <!-- verifypageTitleTest -->
        <test-method status="PASS" signature="setUp()[pri:0, instance:pack1.Chrome@2a2d45ba]" name="setUp" is-config="true" duration-ms="7547" started-at="2018-12-29T16:51:51Z" finished-at="2018-12-29T16:51:59Z">
          <reporter-output>
          </reporter-output>
        </test-method> <!-- setUp -->
        <test-method status="PASS" signature="clickOnShopByDept()[pri:2, instance:pack1.Chrome@2a2d45ba]" name="clickOnShopByDept" duration-ms="1508" started-at="2018-12-29T16:51:59Z" finished-at="2018-12-29T16:52:00Z">
          <reporter-output>
          </reporter-output>
        </test-method> <!-- clickOnShopByDept -->
      </class> <!-- pack1.Chrome -->
    </test> <!-- demo -->
  </suite> <!-- Suite1 -->
</testng-results>
